Copyright 1986-2020 Xilinx, Inc. All Rights Reserved.
-----------------------------------------------------------------------------------------------------------------------------------------------------------------------------------
| Tool Version : Vivado v.2020.1 (win64) Build 2902540 Wed May 27 19:54:49 MDT 2020
| Date         : Mon Nov 16 12:40:25 2020
| Host         : DESKTOP-H16983N running 64-bit major release  (build 9200)
| Command      : report_methodology -file RSA_soc_wrapper_methodology_drc_routed.rpt -pb RSA_soc_wrapper_methodology_drc_routed.pb -rpx RSA_soc_wrapper_methodology_drc_routed.rpx
| Design       : rsa_soc_wrapper
| Device       : xc7z020clg400-1
| Speed File   : -1
| Design State : Fully Routed
-----------------------------------------------------------------------------------------------------------------------------------------------------------------------------------

Report Methodology

Table of Contents
-----------------
1. REPORT SUMMARY
2. REPORT DETAILS

1. REPORT SUMMARY
-----------------
            Netlist: netlist
          Floorplan: design_1
      Design limits: <entire design considered>
             Max violations: <unlimited>
             Violations found: 20
+---------+----------+------------------------------+------------+
| Rule    | Severity | Description                  | Violations |
+---------+----------+------------------------------+------------+
| LUTAR-1 | Warning  | LUT drives async reset alert | 20         |
+---------+----------+------------------------------+------------+

2. REPORT DETAILS
-----------------
LUTAR-1#1 Warning
LUT drives async reset alert  
LUT cell rsa_soc_i/rsa/rsa_acc/U0/u_rsa_core/GEN_CORES[0].i_exponentiation/m_control/P_out[255]_i_2__6, with 2 or more inputs, drives asynchronous preset/clear pin(s) rsa_soc_i/rsa/rsa_acc/U0/u_rsa_core/GEN_CORES[0].i_exponentiation/m_multiplier/P_out_reg[0]/CLR,
rsa_soc_i/rsa/rsa_acc/U0/u_rsa_core/GEN_CORES[0].i_exponentiation/m_multiplier/P_out_reg[100]/CLR,
rsa_soc_i/rsa/rsa_acc/U0/u_rsa_core/GEN_CORES[0].i_exponentiation/m_multiplier/P_out_reg[101]/CLR,
rsa_soc_i/rsa/rsa_acc/U0/u_rsa_core/GEN_CORES[0].i_exponentiation/m_multiplier/P_out_reg[102]/CLR,
rsa_soc_i/rsa/rsa_acc/U0/u_rsa_core/GEN_CORES[0].i_exponentiation/m_multiplier/P_out_reg[103]/CLR,
rsa_soc_i/rsa/rsa_acc/U0/u_rsa_core/GEN_CORES[0].i_exponentiation/m_multiplier/P_out_reg[104]/CLR,
rsa_soc_i/rsa/rsa_acc/U0/u_rsa_core/GEN_CORES[0].i_exponentiation/m_multiplier/P_out_reg[105]/CLR,
rsa_soc_i/rsa/rsa_acc/U0/u_rsa_core/GEN_CORES[0].i_exponentiation/m_multiplier/P_out_reg[106]/CLR,
rsa_soc_i/rsa/rsa_acc/U0/u_rsa_core/GEN_CORES[0].i_exponentiation/m_multiplier/P_out_reg[107]/CLR,
rsa_soc_i/rsa/rsa_acc/U0/u_rsa_core/GEN_CORES[0].i_exponentiation/m_multiplier/P_out_reg[108]/CLR,
rsa_soc_i/rsa/rsa_acc/U0/u_rsa_core/GEN_CORES[0].i_exponentiation/m_multiplier/P_out_reg[109]/CLR,
rsa_soc_i/rsa/rsa_acc/U0/u_rsa_core/GEN_CORES[0].i_exponentiation/m_multiplier/P_out_reg[10]/CLR,
rsa_soc_i/rsa/rsa_acc/U0/u_rsa_core/GEN_CORES[0].i_exponentiation/m_multiplier/P_out_reg[110]/CLR,
rsa_soc_i/rsa/rsa_acc/U0/u_rsa_core/GEN_CORES[0].i_exponentiation/m_multiplier/P_out_reg[111]/CLR,
rsa_soc_i/rsa/rsa_acc/U0/u_rsa_core/GEN_CORES[0].i_exponentiation/m_multiplier/P_out_reg[112]/CLR (the first 15 of 512 listed). The LUT may glitch and trigger an unexpected reset, even if it is a properly timed path.
Related violations: <none>

LUTAR-1#2 Warning
LUT drives async reset alert  
LUT cell rsa_soc_i/rsa/rsa_acc/U0/u_rsa_core/GEN_CORES[0].i_exponentiation/m_control/e_i_i_2, with 2 or more inputs, drives asynchronous preset/clear pin(s) rsa_soc_i/rsa/rsa_acc/U0/u_rsa_core/GEN_CORES[0].i_exponentiation/M0_out_reg[0]/CLR,
rsa_soc_i/rsa/rsa_acc/U0/u_rsa_core/GEN_CORES[0].i_exponentiation/M0_out_reg[100]/CLR,
rsa_soc_i/rsa/rsa_acc/U0/u_rsa_core/GEN_CORES[0].i_exponentiation/M0_out_reg[101]/CLR,
rsa_soc_i/rsa/rsa_acc/U0/u_rsa_core/GEN_CORES[0].i_exponentiation/M0_out_reg[102]/CLR,
rsa_soc_i/rsa/rsa_acc/U0/u_rsa_core/GEN_CORES[0].i_exponentiation/M0_out_reg[103]/CLR,
rsa_soc_i/rsa/rsa_acc/U0/u_rsa_core/GEN_CORES[0].i_exponentiation/M0_out_reg[104]/CLR,
rsa_soc_i/rsa/rsa_acc/U0/u_rsa_core/GEN_CORES[0].i_exponentiation/M0_out_reg[105]/CLR,
rsa_soc_i/rsa/rsa_acc/U0/u_rsa_core/GEN_CORES[0].i_exponentiation/M0_out_reg[106]/CLR,
rsa_soc_i/rsa/rsa_acc/U0/u_rsa_core/GEN_CORES[0].i_exponentiation/M0_out_reg[107]/CLR,
rsa_soc_i/rsa/rsa_acc/U0/u_rsa_core/GEN_CORES[0].i_exponentiation/M0_out_reg[108]/CLR,
rsa_soc_i/rsa/rsa_acc/U0/u_rsa_core/GEN_CORES[0].i_exponentiation/M0_out_reg[109]/CLR,
rsa_soc_i/rsa/rsa_acc/U0/u_rsa_core/GEN_CORES[0].i_exponentiation/M0_out_reg[10]/CLR,
rsa_soc_i/rsa/rsa_acc/U0/u_rsa_core/GEN_CORES[0].i_exponentiation/M0_out_reg[110]/CLR,
rsa_soc_i/rsa/rsa_acc/U0/u_rsa_core/GEN_CORES[0].i_exponentiation/M0_out_reg[111]/CLR,
rsa_soc_i/rsa/rsa_acc/U0/u_rsa_core/GEN_CORES[0].i_exponentiation/M0_out_reg[112]/CLR (the first 15 of 801 listed). The LUT may glitch and trigger an unexpected reset, even if it is a properly timed path.
Related violations: <none>

LUTAR-1#3 Warning
LUT drives async reset alert  
LUT cell rsa_soc_i/rsa/rsa_acc/U0/u_rsa_core/GEN_CORES[1].i_exponentiation/m_control/P_out[255]_i_2__5, with 2 or more inputs, drives asynchronous preset/clear pin(s) rsa_soc_i/rsa/rsa_acc/U0/u_rsa_core/GEN_CORES[1].i_exponentiation/m_multiplier/P_out_reg[0]/CLR,
rsa_soc_i/rsa/rsa_acc/U0/u_rsa_core/GEN_CORES[1].i_exponentiation/m_multiplier/P_out_reg[100]/CLR,
rsa_soc_i/rsa/rsa_acc/U0/u_rsa_core/GEN_CORES[1].i_exponentiation/m_multiplier/P_out_reg[101]/CLR,
rsa_soc_i/rsa/rsa_acc/U0/u_rsa_core/GEN_CORES[1].i_exponentiation/m_multiplier/P_out_reg[102]/CLR,
rsa_soc_i/rsa/rsa_acc/U0/u_rsa_core/GEN_CORES[1].i_exponentiation/m_multiplier/P_out_reg[103]/CLR,
rsa_soc_i/rsa/rsa_acc/U0/u_rsa_core/GEN_CORES[1].i_exponentiation/m_multiplier/P_out_reg[104]/CLR,
rsa_soc_i/rsa/rsa_acc/U0/u_rsa_core/GEN_CORES[1].i_exponentiation/m_multiplier/P_out_reg[105]/CLR,
rsa_soc_i/rsa/rsa_acc/U0/u_rsa_core/GEN_CORES[1].i_exponentiation/m_multiplier/P_out_reg[106]/CLR,
rsa_soc_i/rsa/rsa_acc/U0/u_rsa_core/GEN_CORES[1].i_exponentiation/m_multiplier/P_out_reg[107]/CLR,
rsa_soc_i/rsa/rsa_acc/U0/u_rsa_core/GEN_CORES[1].i_exponentiation/m_multiplier/P_out_reg[108]/CLR,
rsa_soc_i/rsa/rsa_acc/U0/u_rsa_core/GEN_CORES[1].i_exponentiation/m_multiplier/P_out_reg[109]/CLR,
rsa_soc_i/rsa/rsa_acc/U0/u_rsa_core/GEN_CORES[1].i_exponentiation/m_multiplier/P_out_reg[10]/CLR,
rsa_soc_i/rsa/rsa_acc/U0/u_rsa_core/GEN_CORES[1].i_exponentiation/m_multiplier/P_out_reg[110]/CLR,
rsa_soc_i/rsa/rsa_acc/U0/u_rsa_core/GEN_CORES[1].i_exponentiation/m_multiplier/P_out_reg[111]/CLR,
rsa_soc_i/rsa/rsa_acc/U0/u_rsa_core/GEN_CORES[1].i_exponentiation/m_multiplier/P_out_reg[112]/CLR (the first 15 of 512 listed). The LUT may glitch and trigger an unexpected reset, even if it is a properly timed path.
Related violations: <none>

LUTAR-1#4 Warning
LUT drives async reset alert  
LUT cell rsa_soc_i/rsa/rsa_acc/U0/u_rsa_core/GEN_CORES[1].i_exponentiation/m_control/e_i_i_2__0, with 2 or more inputs, drives asynchronous preset/clear pin(s) rsa_soc_i/rsa/rsa_acc/U0/u_rsa_core/GEN_CORES[1].i_exponentiation/M0_out_reg[0]/CLR,
rsa_soc_i/rsa/rsa_acc/U0/u_rsa_core/GEN_CORES[1].i_exponentiation/M0_out_reg[100]/CLR,
rsa_soc_i/rsa/rsa_acc/U0/u_rsa_core/GEN_CORES[1].i_exponentiation/M0_out_reg[101]/CLR,
rsa_soc_i/rsa/rsa_acc/U0/u_rsa_core/GEN_CORES[1].i_exponentiation/M0_out_reg[102]/CLR,
rsa_soc_i/rsa/rsa_acc/U0/u_rsa_core/GEN_CORES[1].i_exponentiation/M0_out_reg[103]/CLR,
rsa_soc_i/rsa/rsa_acc/U0/u_rsa_core/GEN_CORES[1].i_exponentiation/M0_out_reg[104]/CLR,
rsa_soc_i/rsa/rsa_acc/U0/u_rsa_core/GEN_CORES[1].i_exponentiation/M0_out_reg[105]/CLR,
rsa_soc_i/rsa/rsa_acc/U0/u_rsa_core/GEN_CORES[1].i_exponentiation/M0_out_reg[106]/CLR,
rsa_soc_i/rsa/rsa_acc/U0/u_rsa_core/GEN_CORES[1].i_exponentiation/M0_out_reg[107]/CLR,
rsa_soc_i/rsa/rsa_acc/U0/u_rsa_core/GEN_CORES[1].i_exponentiation/M0_out_reg[108]/CLR,
rsa_soc_i/rsa/rsa_acc/U0/u_rsa_core/GEN_CORES[1].i_exponentiation/M0_out_reg[109]/CLR,
rsa_soc_i/rsa/rsa_acc/U0/u_rsa_core/GEN_CORES[1].i_exponentiation/M0_out_reg[10]/CLR,
rsa_soc_i/rsa/rsa_acc/U0/u_rsa_core/GEN_CORES[1].i_exponentiation/M0_out_reg[110]/CLR,
rsa_soc_i/rsa/rsa_acc/U0/u_rsa_core/GEN_CORES[1].i_exponentiation/M0_out_reg[111]/CLR,
rsa_soc_i/rsa/rsa_acc/U0/u_rsa_core/GEN_CORES[1].i_exponentiation/M0_out_reg[112]/CLR (the first 15 of 801 listed). The LUT may glitch and trigger an unexpected reset, even if it is a properly timed path.
Related violations: <none>

LUTAR-1#5 Warning
LUT drives async reset alert  
LUT cell rsa_soc_i/rsa/rsa_acc/U0/u_rsa_core/GEN_CORES[2].i_exponentiation/m_control/P_out[255]_i_2__4, with 2 or more inputs, drives asynchronous preset/clear pin(s) rsa_soc_i/rsa/rsa_acc/U0/u_rsa_core/GEN_CORES[2].i_exponentiation/m_multiplier/P_out_reg[0]/CLR,
rsa_soc_i/rsa/rsa_acc/U0/u_rsa_core/GEN_CORES[2].i_exponentiation/m_multiplier/P_out_reg[100]/CLR,
rsa_soc_i/rsa/rsa_acc/U0/u_rsa_core/GEN_CORES[2].i_exponentiation/m_multiplier/P_out_reg[101]/CLR,
rsa_soc_i/rsa/rsa_acc/U0/u_rsa_core/GEN_CORES[2].i_exponentiation/m_multiplier/P_out_reg[102]/CLR,
rsa_soc_i/rsa/rsa_acc/U0/u_rsa_core/GEN_CORES[2].i_exponentiation/m_multiplier/P_out_reg[103]/CLR,
rsa_soc_i/rsa/rsa_acc/U0/u_rsa_core/GEN_CORES[2].i_exponentiation/m_multiplier/P_out_reg[104]/CLR,
rsa_soc_i/rsa/rsa_acc/U0/u_rsa_core/GEN_CORES[2].i_exponentiation/m_multiplier/P_out_reg[105]/CLR,
rsa_soc_i/rsa/rsa_acc/U0/u_rsa_core/GEN_CORES[2].i_exponentiation/m_multiplier/P_out_reg[106]/CLR,
rsa_soc_i/rsa/rsa_acc/U0/u_rsa_core/GEN_CORES[2].i_exponentiation/m_multiplier/P_out_reg[107]/CLR,
rsa_soc_i/rsa/rsa_acc/U0/u_rsa_core/GEN_CORES[2].i_exponentiation/m_multiplier/P_out_reg[108]/CLR,
rsa_soc_i/rsa/rsa_acc/U0/u_rsa_core/GEN_CORES[2].i_exponentiation/m_multiplier/P_out_reg[109]/CLR,
rsa_soc_i/rsa/rsa_acc/U0/u_rsa_core/GEN_CORES[2].i_exponentiation/m_multiplier/P_out_reg[10]/CLR,
rsa_soc_i/rsa/rsa_acc/U0/u_rsa_core/GEN_CORES[2].i_exponentiation/m_multiplier/P_out_reg[110]/CLR,
rsa_soc_i/rsa/rsa_acc/U0/u_rsa_core/GEN_CORES[2].i_exponentiation/m_multiplier/P_out_reg[111]/CLR,
rsa_soc_i/rsa/rsa_acc/U0/u_rsa_core/GEN_CORES[2].i_exponentiation/m_multiplier/P_out_reg[112]/CLR (the first 15 of 512 listed). The LUT may glitch and trigger an unexpected reset, even if it is a properly timed path.
Related violations: <none>

LUTAR-1#6 Warning
LUT drives async reset alert  
LUT cell rsa_soc_i/rsa/rsa_acc/U0/u_rsa_core/GEN_CORES[2].i_exponentiation/m_control/e_i_i_2__1, with 2 or more inputs, drives asynchronous preset/clear pin(s) rsa_soc_i/rsa/rsa_acc/U0/u_rsa_core/GEN_CORES[2].i_exponentiation/M0_out_reg[0]/CLR,
rsa_soc_i/rsa/rsa_acc/U0/u_rsa_core/GEN_CORES[2].i_exponentiation/M0_out_reg[100]/CLR,
rsa_soc_i/rsa/rsa_acc/U0/u_rsa_core/GEN_CORES[2].i_exponentiation/M0_out_reg[101]/CLR,
rsa_soc_i/rsa/rsa_acc/U0/u_rsa_core/GEN_CORES[2].i_exponentiation/M0_out_reg[102]/CLR,
rsa_soc_i/rsa/rsa_acc/U0/u_rsa_core/GEN_CORES[2].i_exponentiation/M0_out_reg[103]/CLR,
rsa_soc_i/rsa/rsa_acc/U0/u_rsa_core/GEN_CORES[2].i_exponentiation/M0_out_reg[104]/CLR,
rsa_soc_i/rsa/rsa_acc/U0/u_rsa_core/GEN_CORES[2].i_exponentiation/M0_out_reg[105]/CLR,
rsa_soc_i/rsa/rsa_acc/U0/u_rsa_core/GEN_CORES[2].i_exponentiation/M0_out_reg[106]/CLR,
rsa_soc_i/rsa/rsa_acc/U0/u_rsa_core/GEN_CORES[2].i_exponentiation/M0_out_reg[107]/CLR,
rsa_soc_i/rsa/rsa_acc/U0/u_rsa_core/GEN_CORES[2].i_exponentiation/M0_out_reg[108]/CLR,
rsa_soc_i/rsa/rsa_acc/U0/u_rsa_core/GEN_CORES[2].i_exponentiation/M0_out_reg[109]/CLR,
rsa_soc_i/rsa/rsa_acc/U0/u_rsa_core/GEN_CORES[2].i_exponentiation/M0_out_reg[10]/CLR,
rsa_soc_i/rsa/rsa_acc/U0/u_rsa_core/GEN_CORES[2].i_exponentiation/M0_out_reg[110]/CLR,
rsa_soc_i/rsa/rsa_acc/U0/u_rsa_core/GEN_CORES[2].i_exponentiation/M0_out_reg[111]/CLR,
rsa_soc_i/rsa/rsa_acc/U0/u_rsa_core/GEN_CORES[2].i_exponentiation/M0_out_reg[112]/CLR (the first 15 of 801 listed). The LUT may glitch and trigger an unexpected reset, even if it is a properly timed path.
Related violations: <none>

LUTAR-1#7 Warning
LUT drives async reset alert  
LUT cell rsa_soc_i/rsa/rsa_acc/U0/u_rsa_core/GEN_CORES[3].i_exponentiation/m_control/P_out[255]_i_2__3, with 2 or more inputs, drives asynchronous preset/clear pin(s) rsa_soc_i/rsa/rsa_acc/U0/u_rsa_core/GEN_CORES[3].i_exponentiation/m_multiplier/P_out_reg[0]/CLR,
rsa_soc_i/rsa/rsa_acc/U0/u_rsa_core/GEN_CORES[3].i_exponentiation/m_multiplier/P_out_reg[100]/CLR,
rsa_soc_i/rsa/rsa_acc/U0/u_rsa_core/GEN_CORES[3].i_exponentiation/m_multiplier/P_out_reg[101]/CLR,
rsa_soc_i/rsa/rsa_acc/U0/u_rsa_core/GEN_CORES[3].i_exponentiation/m_multiplier/P_out_reg[102]/CLR,
rsa_soc_i/rsa/rsa_acc/U0/u_rsa_core/GEN_CORES[3].i_exponentiation/m_multiplier/P_out_reg[103]/CLR,
rsa_soc_i/rsa/rsa_acc/U0/u_rsa_core/GEN_CORES[3].i_exponentiation/m_multiplier/P_out_reg[104]/CLR,
rsa_soc_i/rsa/rsa_acc/U0/u_rsa_core/GEN_CORES[3].i_exponentiation/m_multiplier/P_out_reg[105]/CLR,
rsa_soc_i/rsa/rsa_acc/U0/u_rsa_core/GEN_CORES[3].i_exponentiation/m_multiplier/P_out_reg[106]/CLR,
rsa_soc_i/rsa/rsa_acc/U0/u_rsa_core/GEN_CORES[3].i_exponentiation/m_multiplier/P_out_reg[107]/CLR,
rsa_soc_i/rsa/rsa_acc/U0/u_rsa_core/GEN_CORES[3].i_exponentiation/m_multiplier/P_out_reg[108]/CLR,
rsa_soc_i/rsa/rsa_acc/U0/u_rsa_core/GEN_CORES[3].i_exponentiation/m_multiplier/P_out_reg[109]/CLR,
rsa_soc_i/rsa/rsa_acc/U0/u_rsa_core/GEN_CORES[3].i_exponentiation/m_multiplier/P_out_reg[10]/CLR,
rsa_soc_i/rsa/rsa_acc/U0/u_rsa_core/GEN_CORES[3].i_exponentiation/m_multiplier/P_out_reg[110]/CLR,
rsa_soc_i/rsa/rsa_acc/U0/u_rsa_core/GEN_CORES[3].i_exponentiation/m_multiplier/P_out_reg[111]/CLR,
rsa_soc_i/rsa/rsa_acc/U0/u_rsa_core/GEN_CORES[3].i_exponentiation/m_multiplier/P_out_reg[112]/CLR (the first 15 of 512 listed). The LUT may glitch and trigger an unexpected reset, even if it is a properly timed path.
Related violations: <none>

LUTAR-1#8 Warning
LUT drives async reset alert  
LUT cell rsa_soc_i/rsa/rsa_acc/U0/u_rsa_core/GEN_CORES[3].i_exponentiation/m_control/e_i_i_2__2, with 2 or more inputs, drives asynchronous preset/clear pin(s) rsa_soc_i/rsa/rsa_acc/U0/u_rsa_core/GEN_CORES[3].i_exponentiation/M0_out_reg[0]/CLR,
rsa_soc_i/rsa/rsa_acc/U0/u_rsa_core/GEN_CORES[3].i_exponentiation/M0_out_reg[100]/CLR,
rsa_soc_i/rsa/rsa_acc/U0/u_rsa_core/GEN_CORES[3].i_exponentiation/M0_out_reg[101]/CLR,
rsa_soc_i/rsa/rsa_acc/U0/u_rsa_core/GEN_CORES[3].i_exponentiation/M0_out_reg[102]/CLR,
rsa_soc_i/rsa/rsa_acc/U0/u_rsa_core/GEN_CORES[3].i_exponentiation/M0_out_reg[103]/CLR,
rsa_soc_i/rsa/rsa_acc/U0/u_rsa_core/GEN_CORES[3].i_exponentiation/M0_out_reg[104]/CLR,
rsa_soc_i/rsa/rsa_acc/U0/u_rsa_core/GEN_CORES[3].i_exponentiation/M0_out_reg[105]/CLR,
rsa_soc_i/rsa/rsa_acc/U0/u_rsa_core/GEN_CORES[3].i_exponentiation/M0_out_reg[106]/CLR,
rsa_soc_i/rsa/rsa_acc/U0/u_rsa_core/GEN_CORES[3].i_exponentiation/M0_out_reg[107]/CLR,
rsa_soc_i/rsa/rsa_acc/U0/u_rsa_core/GEN_CORES[3].i_exponentiation/M0_out_reg[108]/CLR,
rsa_soc_i/rsa/rsa_acc/U0/u_rsa_core/GEN_CORES[3].i_exponentiation/M0_out_reg[109]/CLR,
rsa_soc_i/rsa/rsa_acc/U0/u_rsa_core/GEN_CORES[3].i_exponentiation/M0_out_reg[10]/CLR,
rsa_soc_i/rsa/rsa_acc/U0/u_rsa_core/GEN_CORES[3].i_exponentiation/M0_out_reg[110]/CLR,
rsa_soc_i/rsa/rsa_acc/U0/u_rsa_core/GEN_CORES[3].i_exponentiation/M0_out_reg[111]/CLR,
rsa_soc_i/rsa/rsa_acc/U0/u_rsa_core/GEN_CORES[3].i_exponentiation/M0_out_reg[112]/CLR (the first 15 of 801 listed). The LUT may glitch and trigger an unexpected reset, even if it is a properly timed path.
Related violations: <none>

LUTAR-1#9 Warning
LUT drives async reset alert  
LUT cell rsa_soc_i/rsa/rsa_acc/U0/u_rsa_core/GEN_CORES[4].i_exponentiation/m_control/P_out[255]_i_2__2, with 2 or more inputs, drives asynchronous preset/clear pin(s) rsa_soc_i/rsa/rsa_acc/U0/u_rsa_core/GEN_CORES[4].i_exponentiation/m_multiplier/P_out_reg[0]/CLR,
rsa_soc_i/rsa/rsa_acc/U0/u_rsa_core/GEN_CORES[4].i_exponentiation/m_multiplier/P_out_reg[100]/CLR,
rsa_soc_i/rsa/rsa_acc/U0/u_rsa_core/GEN_CORES[4].i_exponentiation/m_multiplier/P_out_reg[101]/CLR,
rsa_soc_i/rsa/rsa_acc/U0/u_rsa_core/GEN_CORES[4].i_exponentiation/m_multiplier/P_out_reg[102]/CLR,
rsa_soc_i/rsa/rsa_acc/U0/u_rsa_core/GEN_CORES[4].i_exponentiation/m_multiplier/P_out_reg[103]/CLR,
rsa_soc_i/rsa/rsa_acc/U0/u_rsa_core/GEN_CORES[4].i_exponentiation/m_multiplier/P_out_reg[104]/CLR,
rsa_soc_i/rsa/rsa_acc/U0/u_rsa_core/GEN_CORES[4].i_exponentiation/m_multiplier/P_out_reg[105]/CLR,
rsa_soc_i/rsa/rsa_acc/U0/u_rsa_core/GEN_CORES[4].i_exponentiation/m_multiplier/P_out_reg[106]/CLR,
rsa_soc_i/rsa/rsa_acc/U0/u_rsa_core/GEN_CORES[4].i_exponentiation/m_multiplier/P_out_reg[107]/CLR,
rsa_soc_i/rsa/rsa_acc/U0/u_rsa_core/GEN_CORES[4].i_exponentiation/m_multiplier/P_out_reg[108]/CLR,
rsa_soc_i/rsa/rsa_acc/U0/u_rsa_core/GEN_CORES[4].i_exponentiation/m_multiplier/P_out_reg[109]/CLR,
rsa_soc_i/rsa/rsa_acc/U0/u_rsa_core/GEN_CORES[4].i_exponentiation/m_multiplier/P_out_reg[10]/CLR,
rsa_soc_i/rsa/rsa_acc/U0/u_rsa_core/GEN_CORES[4].i_exponentiation/m_multiplier/P_out_reg[110]/CLR,
rsa_soc_i/rsa/rsa_acc/U0/u_rsa_core/GEN_CORES[4].i_exponentiation/m_multiplier/P_out_reg[111]/CLR,
rsa_soc_i/rsa/rsa_acc/U0/u_rsa_core/GEN_CORES[4].i_exponentiation/m_multiplier/P_out_reg[112]/CLR (the first 15 of 512 listed). The LUT may glitch and trigger an unexpected reset, even if it is a properly timed path.
Related violations: <none>

LUTAR-1#10 Warning
LUT drives async reset alert  
LUT cell rsa_soc_i/rsa/rsa_acc/U0/u_rsa_core/GEN_CORES[4].i_exponentiation/m_control/e_i_i_2__3, with 2 or more inputs, drives asynchronous preset/clear pin(s) rsa_soc_i/rsa/rsa_acc/U0/u_rsa_core/GEN_CORES[4].i_exponentiation/M0_out_reg[0]/CLR,
rsa_soc_i/rsa/rsa_acc/U0/u_rsa_core/GEN_CORES[4].i_exponentiation/M0_out_reg[100]/CLR,
rsa_soc_i/rsa/rsa_acc/U0/u_rsa_core/GEN_CORES[4].i_exponentiation/M0_out_reg[101]/CLR,
rsa_soc_i/rsa/rsa_acc/U0/u_rsa_core/GEN_CORES[4].i_exponentiation/M0_out_reg[102]/CLR,
rsa_soc_i/rsa/rsa_acc/U0/u_rsa_core/GEN_CORES[4].i_exponentiation/M0_out_reg[103]/CLR,
rsa_soc_i/rsa/rsa_acc/U0/u_rsa_core/GEN_CORES[4].i_exponentiation/M0_out_reg[104]/CLR,
rsa_soc_i/rsa/rsa_acc/U0/u_rsa_core/GEN_CORES[4].i_exponentiation/M0_out_reg[105]/CLR,
rsa_soc_i/rsa/rsa_acc/U0/u_rsa_core/GEN_CORES[4].i_exponentiation/M0_out_reg[106]/CLR,
rsa_soc_i/rsa/rsa_acc/U0/u_rsa_core/GEN_CORES[4].i_exponentiation/M0_out_reg[107]/CLR,
rsa_soc_i/rsa/rsa_acc/U0/u_rsa_core/GEN_CORES[4].i_exponentiation/M0_out_reg[108]/CLR,
rsa_soc_i/rsa/rsa_acc/U0/u_rsa_core/GEN_CORES[4].i_exponentiation/M0_out_reg[109]/CLR,
rsa_soc_i/rsa/rsa_acc/U0/u_rsa_core/GEN_CORES[4].i_exponentiation/M0_out_reg[10]/CLR,
rsa_soc_i/rsa/rsa_acc/U0/u_rsa_core/GEN_CORES[4].i_exponentiation/M0_out_reg[110]/CLR,
rsa_soc_i/rsa/rsa_acc/U0/u_rsa_core/GEN_CORES[4].i_exponentiation/M0_out_reg[111]/CLR,
rsa_soc_i/rsa/rsa_acc/U0/u_rsa_core/GEN_CORES[4].i_exponentiation/M0_out_reg[112]/CLR (the first 15 of 801 listed). The LUT may glitch and trigger an unexpected reset, even if it is a properly timed path.
Related violations: <none>

LUTAR-1#11 Warning
LUT drives async reset alert  
LUT cell rsa_soc_i/rsa/rsa_acc/U0/u_rsa_core/GEN_CORES[5].i_exponentiation/m_control/P_out[255]_i_2__1, with 2 or more inputs, drives asynchronous preset/clear pin(s) rsa_soc_i/rsa/rsa_acc/U0/u_rsa_core/GEN_CORES[5].i_exponentiation/m_multiplier/P_out_reg[0]/CLR,
rsa_soc_i/rsa/rsa_acc/U0/u_rsa_core/GEN_CORES[5].i_exponentiation/m_multiplier/P_out_reg[100]/CLR,
rsa_soc_i/rsa/rsa_acc/U0/u_rsa_core/GEN_CORES[5].i_exponentiation/m_multiplier/P_out_reg[101]/CLR,
rsa_soc_i/rsa/rsa_acc/U0/u_rsa_core/GEN_CORES[5].i_exponentiation/m_multiplier/P_out_reg[102]/CLR,
rsa_soc_i/rsa/rsa_acc/U0/u_rsa_core/GEN_CORES[5].i_exponentiation/m_multiplier/P_out_reg[103]/CLR,
rsa_soc_i/rsa/rsa_acc/U0/u_rsa_core/GEN_CORES[5].i_exponentiation/m_multiplier/P_out_reg[104]/CLR,
rsa_soc_i/rsa/rsa_acc/U0/u_rsa_core/GEN_CORES[5].i_exponentiation/m_multiplier/P_out_reg[105]/CLR,
rsa_soc_i/rsa/rsa_acc/U0/u_rsa_core/GEN_CORES[5].i_exponentiation/m_multiplier/P_out_reg[106]/CLR,
rsa_soc_i/rsa/rsa_acc/U0/u_rsa_core/GEN_CORES[5].i_exponentiation/m_multiplier/P_out_reg[107]/CLR,
rsa_soc_i/rsa/rsa_acc/U0/u_rsa_core/GEN_CORES[5].i_exponentiation/m_multiplier/P_out_reg[108]/CLR,
rsa_soc_i/rsa/rsa_acc/U0/u_rsa_core/GEN_CORES[5].i_exponentiation/m_multiplier/P_out_reg[109]/CLR,
rsa_soc_i/rsa/rsa_acc/U0/u_rsa_core/GEN_CORES[5].i_exponentiation/m_multiplier/P_out_reg[10]/CLR,
rsa_soc_i/rsa/rsa_acc/U0/u_rsa_core/GEN_CORES[5].i_exponentiation/m_multiplier/P_out_reg[110]/CLR,
rsa_soc_i/rsa/rsa_acc/U0/u_rsa_core/GEN_CORES[5].i_exponentiation/m_multiplier/P_out_reg[111]/CLR,
rsa_soc_i/rsa/rsa_acc/U0/u_rsa_core/GEN_CORES[5].i_exponentiation/m_multiplier/P_out_reg[112]/CLR (the first 15 of 512 listed). The LUT may glitch and trigger an unexpected reset, even if it is a properly timed path.
Related violations: <none>

LUTAR-1#12 Warning
LUT drives async reset alert  
LUT cell rsa_soc_i/rsa/rsa_acc/U0/u_rsa_core/GEN_CORES[5].i_exponentiation/m_control/e_i_i_2__4, with 2 or more inputs, drives asynchronous preset/clear pin(s) rsa_soc_i/rsa/rsa_acc/U0/u_rsa_core/GEN_CORES[5].i_exponentiation/M0_out_reg[0]/CLR,
rsa_soc_i/rsa/rsa_acc/U0/u_rsa_core/GEN_CORES[5].i_exponentiation/M0_out_reg[100]/CLR,
rsa_soc_i/rsa/rsa_acc/U0/u_rsa_core/GEN_CORES[5].i_exponentiation/M0_out_reg[101]/CLR,
rsa_soc_i/rsa/rsa_acc/U0/u_rsa_core/GEN_CORES[5].i_exponentiation/M0_out_reg[102]/CLR,
rsa_soc_i/rsa/rsa_acc/U0/u_rsa_core/GEN_CORES[5].i_exponentiation/M0_out_reg[103]/CLR,
rsa_soc_i/rsa/rsa_acc/U0/u_rsa_core/GEN_CORES[5].i_exponentiation/M0_out_reg[104]/CLR,
rsa_soc_i/rsa/rsa_acc/U0/u_rsa_core/GEN_CORES[5].i_exponentiation/M0_out_reg[105]/CLR,
rsa_soc_i/rsa/rsa_acc/U0/u_rsa_core/GEN_CORES[5].i_exponentiation/M0_out_reg[106]/CLR,
rsa_soc_i/rsa/rsa_acc/U0/u_rsa_core/GEN_CORES[5].i_exponentiation/M0_out_reg[107]/CLR,
rsa_soc_i/rsa/rsa_acc/U0/u_rsa_core/GEN_CORES[5].i_exponentiation/M0_out_reg[108]/CLR,
rsa_soc_i/rsa/rsa_acc/U0/u_rsa_core/GEN_CORES[5].i_exponentiation/M0_out_reg[109]/CLR,
rsa_soc_i/rsa/rsa_acc/U0/u_rsa_core/GEN_CORES[5].i_exponentiation/M0_out_reg[10]/CLR,
rsa_soc_i/rsa/rsa_acc/U0/u_rsa_core/GEN_CORES[5].i_exponentiation/M0_out_reg[110]/CLR,
rsa_soc_i/rsa/rsa_acc/U0/u_rsa_core/GEN_CORES[5].i_exponentiation/M0_out_reg[111]/CLR,
rsa_soc_i/rsa/rsa_acc/U0/u_rsa_core/GEN_CORES[5].i_exponentiation/M0_out_reg[112]/CLR (the first 15 of 801 listed). The LUT may glitch and trigger an unexpected reset, even if it is a properly timed path.
Related violations: <none>

LUTAR-1#13 Warning
LUT drives async reset alert  
LUT cell rsa_soc_i/rsa/rsa_acc/U0/u_rsa_core/GEN_CORES[6].i_exponentiation/m_control/P_out[255]_i_2__0, with 2 or more inputs, drives asynchronous preset/clear pin(s) rsa_soc_i/rsa/rsa_acc/U0/u_rsa_core/GEN_CORES[6].i_exponentiation/m_multiplier/P_out_reg[0]/CLR,
rsa_soc_i/rsa/rsa_acc/U0/u_rsa_core/GEN_CORES[6].i_exponentiation/m_multiplier/P_out_reg[100]/CLR,
rsa_soc_i/rsa/rsa_acc/U0/u_rsa_core/GEN_CORES[6].i_exponentiation/m_multiplier/P_out_reg[101]/CLR,
rsa_soc_i/rsa/rsa_acc/U0/u_rsa_core/GEN_CORES[6].i_exponentiation/m_multiplier/P_out_reg[102]/CLR,
rsa_soc_i/rsa/rsa_acc/U0/u_rsa_core/GEN_CORES[6].i_exponentiation/m_multiplier/P_out_reg[103]/CLR,
rsa_soc_i/rsa/rsa_acc/U0/u_rsa_core/GEN_CORES[6].i_exponentiation/m_multiplier/P_out_reg[104]/CLR,
rsa_soc_i/rsa/rsa_acc/U0/u_rsa_core/GEN_CORES[6].i_exponentiation/m_multiplier/P_out_reg[105]/CLR,
rsa_soc_i/rsa/rsa_acc/U0/u_rsa_core/GEN_CORES[6].i_exponentiation/m_multiplier/P_out_reg[106]/CLR,
rsa_soc_i/rsa/rsa_acc/U0/u_rsa_core/GEN_CORES[6].i_exponentiation/m_multiplier/P_out_reg[107]/CLR,
rsa_soc_i/rsa/rsa_acc/U0/u_rsa_core/GEN_CORES[6].i_exponentiation/m_multiplier/P_out_reg[108]/CLR,
rsa_soc_i/rsa/rsa_acc/U0/u_rsa_core/GEN_CORES[6].i_exponentiation/m_multiplier/P_out_reg[109]/CLR,
rsa_soc_i/rsa/rsa_acc/U0/u_rsa_core/GEN_CORES[6].i_exponentiation/m_multiplier/P_out_reg[10]/CLR,
rsa_soc_i/rsa/rsa_acc/U0/u_rsa_core/GEN_CORES[6].i_exponentiation/m_multiplier/P_out_reg[110]/CLR,
rsa_soc_i/rsa/rsa_acc/U0/u_rsa_core/GEN_CORES[6].i_exponentiation/m_multiplier/P_out_reg[111]/CLR,
rsa_soc_i/rsa/rsa_acc/U0/u_rsa_core/GEN_CORES[6].i_exponentiation/m_multiplier/P_out_reg[112]/CLR (the first 15 of 512 listed). The LUT may glitch and trigger an unexpected reset, even if it is a properly timed path.
Related violations: <none>

LUTAR-1#14 Warning
LUT drives async reset alert  
LUT cell rsa_soc_i/rsa/rsa_acc/U0/u_rsa_core/GEN_CORES[6].i_exponentiation/m_control/e_i_i_2__5, with 2 or more inputs, drives asynchronous preset/clear pin(s) rsa_soc_i/rsa/rsa_acc/U0/u_rsa_core/GEN_CORES[6].i_exponentiation/M0_out_reg[0]/CLR,
rsa_soc_i/rsa/rsa_acc/U0/u_rsa_core/GEN_CORES[6].i_exponentiation/M0_out_reg[100]/CLR,
rsa_soc_i/rsa/rsa_acc/U0/u_rsa_core/GEN_CORES[6].i_exponentiation/M0_out_reg[101]/CLR,
rsa_soc_i/rsa/rsa_acc/U0/u_rsa_core/GEN_CORES[6].i_exponentiation/M0_out_reg[102]/CLR,
rsa_soc_i/rsa/rsa_acc/U0/u_rsa_core/GEN_CORES[6].i_exponentiation/M0_out_reg[103]/CLR,
rsa_soc_i/rsa/rsa_acc/U0/u_rsa_core/GEN_CORES[6].i_exponentiation/M0_out_reg[104]/CLR,
rsa_soc_i/rsa/rsa_acc/U0/u_rsa_core/GEN_CORES[6].i_exponentiation/M0_out_reg[105]/CLR,
rsa_soc_i/rsa/rsa_acc/U0/u_rsa_core/GEN_CORES[6].i_exponentiation/M0_out_reg[106]/CLR,
rsa_soc_i/rsa/rsa_acc/U0/u_rsa_core/GEN_CORES[6].i_exponentiation/M0_out_reg[107]/CLR,
rsa_soc_i/rsa/rsa_acc/U0/u_rsa_core/GEN_CORES[6].i_exponentiation/M0_out_reg[108]/CLR,
rsa_soc_i/rsa/rsa_acc/U0/u_rsa_core/GEN_CORES[6].i_exponentiation/M0_out_reg[109]/CLR,
rsa_soc_i/rsa/rsa_acc/U0/u_rsa_core/GEN_CORES[6].i_exponentiation/M0_out_reg[10]/CLR,
rsa_soc_i/rsa/rsa_acc/U0/u_rsa_core/GEN_CORES[6].i_exponentiation/M0_out_reg[110]/CLR,
rsa_soc_i/rsa/rsa_acc/U0/u_rsa_core/GEN_CORES[6].i_exponentiation/M0_out_reg[111]/CLR,
rsa_soc_i/rsa/rsa_acc/U0/u_rsa_core/GEN_CORES[6].i_exponentiation/M0_out_reg[112]/CLR (the first 15 of 801 listed). The LUT may glitch and trigger an unexpected reset, even if it is a properly timed path.
Related violations: <none>

LUTAR-1#15 Warning
LUT drives async reset alert  
LUT cell rsa_soc_i/rsa/rsa_acc/U0/u_rsa_core/GEN_CORES[7].i_exponentiation/m_control/P_out[255]_i_2, with 2 or more inputs, drives asynchronous preset/clear pin(s) rsa_soc_i/rsa/rsa_acc/U0/u_rsa_core/GEN_CORES[7].i_exponentiation/m_multiplier/P_out_reg[0]/CLR,
rsa_soc_i/rsa/rsa_acc/U0/u_rsa_core/GEN_CORES[7].i_exponentiation/m_multiplier/P_out_reg[100]/CLR,
rsa_soc_i/rsa/rsa_acc/U0/u_rsa_core/GEN_CORES[7].i_exponentiation/m_multiplier/P_out_reg[101]/CLR,
rsa_soc_i/rsa/rsa_acc/U0/u_rsa_core/GEN_CORES[7].i_exponentiation/m_multiplier/P_out_reg[102]/CLR,
rsa_soc_i/rsa/rsa_acc/U0/u_rsa_core/GEN_CORES[7].i_exponentiation/m_multiplier/P_out_reg[103]/CLR,
rsa_soc_i/rsa/rsa_acc/U0/u_rsa_core/GEN_CORES[7].i_exponentiation/m_multiplier/P_out_reg[104]/CLR,
rsa_soc_i/rsa/rsa_acc/U0/u_rsa_core/GEN_CORES[7].i_exponentiation/m_multiplier/P_out_reg[105]/CLR,
rsa_soc_i/rsa/rsa_acc/U0/u_rsa_core/GEN_CORES[7].i_exponentiation/m_multiplier/P_out_reg[106]/CLR,
rsa_soc_i/rsa/rsa_acc/U0/u_rsa_core/GEN_CORES[7].i_exponentiation/m_multiplier/P_out_reg[107]/CLR,
rsa_soc_i/rsa/rsa_acc/U0/u_rsa_core/GEN_CORES[7].i_exponentiation/m_multiplier/P_out_reg[108]/CLR,
rsa_soc_i/rsa/rsa_acc/U0/u_rsa_core/GEN_CORES[7].i_exponentiation/m_multiplier/P_out_reg[109]/CLR,
rsa_soc_i/rsa/rsa_acc/U0/u_rsa_core/GEN_CORES[7].i_exponentiation/m_multiplier/P_out_reg[10]/CLR,
rsa_soc_i/rsa/rsa_acc/U0/u_rsa_core/GEN_CORES[7].i_exponentiation/m_multiplier/P_out_reg[110]/CLR,
rsa_soc_i/rsa/rsa_acc/U0/u_rsa_core/GEN_CORES[7].i_exponentiation/m_multiplier/P_out_reg[111]/CLR,
rsa_soc_i/rsa/rsa_acc/U0/u_rsa_core/GEN_CORES[7].i_exponentiation/m_multiplier/P_out_reg[112]/CLR (the first 15 of 512 listed). The LUT may glitch and trigger an unexpected reset, even if it is a properly timed path.
Related violations: <none>

LUTAR-1#16 Warning
LUT drives async reset alert  
LUT cell rsa_soc_i/rsa/rsa_acc/U0/u_rsa_core/GEN_CORES[7].i_exponentiation/m_control/e_i_i_2__6, with 2 or more inputs, drives asynchronous preset/clear pin(s) rsa_soc_i/rsa/rsa_acc/U0/u_rsa_core/GEN_CORES[7].i_exponentiation/M0_out_reg[0]/CLR,
rsa_soc_i/rsa/rsa_acc/U0/u_rsa_core/GEN_CORES[7].i_exponentiation/M0_out_reg[100]/CLR,
rsa_soc_i/rsa/rsa_acc/U0/u_rsa_core/GEN_CORES[7].i_exponentiation/M0_out_reg[101]/CLR,
rsa_soc_i/rsa/rsa_acc/U0/u_rsa_core/GEN_CORES[7].i_exponentiation/M0_out_reg[102]/CLR,
rsa_soc_i/rsa/rsa_acc/U0/u_rsa_core/GEN_CORES[7].i_exponentiation/M0_out_reg[103]/CLR,
rsa_soc_i/rsa/rsa_acc/U0/u_rsa_core/GEN_CORES[7].i_exponentiation/M0_out_reg[104]/CLR,
rsa_soc_i/rsa/rsa_acc/U0/u_rsa_core/GEN_CORES[7].i_exponentiation/M0_out_reg[105]/CLR,
rsa_soc_i/rsa/rsa_acc/U0/u_rsa_core/GEN_CORES[7].i_exponentiation/M0_out_reg[106]/CLR,
rsa_soc_i/rsa/rsa_acc/U0/u_rsa_core/GEN_CORES[7].i_exponentiation/M0_out_reg[107]/CLR,
rsa_soc_i/rsa/rsa_acc/U0/u_rsa_core/GEN_CORES[7].i_exponentiation/M0_out_reg[108]/CLR,
rsa_soc_i/rsa/rsa_acc/U0/u_rsa_core/GEN_CORES[7].i_exponentiation/M0_out_reg[109]/CLR,
rsa_soc_i/rsa/rsa_acc/U0/u_rsa_core/GEN_CORES[7].i_exponentiation/M0_out_reg[10]/CLR,
rsa_soc_i/rsa/rsa_acc/U0/u_rsa_core/GEN_CORES[7].i_exponentiation/M0_out_reg[110]/CLR,
rsa_soc_i/rsa/rsa_acc/U0/u_rsa_core/GEN_CORES[7].i_exponentiation/M0_out_reg[111]/CLR,
rsa_soc_i/rsa/rsa_acc/U0/u_rsa_core/GEN_CORES[7].i_exponentiation/M0_out_reg[112]/CLR (the first 15 of 801 listed). The LUT may glitch and trigger an unexpected reset, even if it is a properly timed path.
Related violations: <none>

LUTAR-1#17 Warning
LUT drives async reset alert  
LUT cell rsa_soc_i/rsa/rsa_acc/U0/u_rsa_core/GEN_CORES[8].i_exponentiation/m_control/P_out[255]_i_2__7, with 2 or more inputs, drives asynchronous preset/clear pin(s) rsa_soc_i/rsa/rsa_acc/U0/u_rsa_core/GEN_CORES[8].i_exponentiation/m_multiplier/P_out_reg[0]/CLR,
rsa_soc_i/rsa/rsa_acc/U0/u_rsa_core/GEN_CORES[8].i_exponentiation/m_multiplier/P_out_reg[100]/CLR,
rsa_soc_i/rsa/rsa_acc/U0/u_rsa_core/GEN_CORES[8].i_exponentiation/m_multiplier/P_out_reg[101]/CLR,
rsa_soc_i/rsa/rsa_acc/U0/u_rsa_core/GEN_CORES[8].i_exponentiation/m_multiplier/P_out_reg[102]/CLR,
rsa_soc_i/rsa/rsa_acc/U0/u_rsa_core/GEN_CORES[8].i_exponentiation/m_multiplier/P_out_reg[103]/CLR,
rsa_soc_i/rsa/rsa_acc/U0/u_rsa_core/GEN_CORES[8].i_exponentiation/m_multiplier/P_out_reg[104]/CLR,
rsa_soc_i/rsa/rsa_acc/U0/u_rsa_core/GEN_CORES[8].i_exponentiation/m_multiplier/P_out_reg[105]/CLR,
rsa_soc_i/rsa/rsa_acc/U0/u_rsa_core/GEN_CORES[8].i_exponentiation/m_multiplier/P_out_reg[106]/CLR,
rsa_soc_i/rsa/rsa_acc/U0/u_rsa_core/GEN_CORES[8].i_exponentiation/m_multiplier/P_out_reg[107]/CLR,
rsa_soc_i/rsa/rsa_acc/U0/u_rsa_core/GEN_CORES[8].i_exponentiation/m_multiplier/P_out_reg[108]/CLR,
rsa_soc_i/rsa/rsa_acc/U0/u_rsa_core/GEN_CORES[8].i_exponentiation/m_multiplier/P_out_reg[109]/CLR,
rsa_soc_i/rsa/rsa_acc/U0/u_rsa_core/GEN_CORES[8].i_exponentiation/m_multiplier/P_out_reg[10]/CLR,
rsa_soc_i/rsa/rsa_acc/U0/u_rsa_core/GEN_CORES[8].i_exponentiation/m_multiplier/P_out_reg[110]/CLR,
rsa_soc_i/rsa/rsa_acc/U0/u_rsa_core/GEN_CORES[8].i_exponentiation/m_multiplier/P_out_reg[111]/CLR,
rsa_soc_i/rsa/rsa_acc/U0/u_rsa_core/GEN_CORES[8].i_exponentiation/m_multiplier/P_out_reg[112]/CLR (the first 15 of 512 listed). The LUT may glitch and trigger an unexpected reset, even if it is a properly timed path.
Related violations: <none>

LUTAR-1#18 Warning
LUT drives async reset alert  
LUT cell rsa_soc_i/rsa/rsa_acc/U0/u_rsa_core/GEN_CORES[8].i_exponentiation/m_control/e_i_i_2__7, with 2 or more inputs, drives asynchronous preset/clear pin(s) rsa_soc_i/rsa/rsa_acc/U0/u_rsa_core/GEN_CORES[8].i_exponentiation/M0_out_reg[0]/CLR,
rsa_soc_i/rsa/rsa_acc/U0/u_rsa_core/GEN_CORES[8].i_exponentiation/M0_out_reg[100]/CLR,
rsa_soc_i/rsa/rsa_acc/U0/u_rsa_core/GEN_CORES[8].i_exponentiation/M0_out_reg[101]/CLR,
rsa_soc_i/rsa/rsa_acc/U0/u_rsa_core/GEN_CORES[8].i_exponentiation/M0_out_reg[102]/CLR,
rsa_soc_i/rsa/rsa_acc/U0/u_rsa_core/GEN_CORES[8].i_exponentiation/M0_out_reg[103]/CLR,
rsa_soc_i/rsa/rsa_acc/U0/u_rsa_core/GEN_CORES[8].i_exponentiation/M0_out_reg[104]/CLR,
rsa_soc_i/rsa/rsa_acc/U0/u_rsa_core/GEN_CORES[8].i_exponentiation/M0_out_reg[105]/CLR,
rsa_soc_i/rsa/rsa_acc/U0/u_rsa_core/GEN_CORES[8].i_exponentiation/M0_out_reg[106]/CLR,
rsa_soc_i/rsa/rsa_acc/U0/u_rsa_core/GEN_CORES[8].i_exponentiation/M0_out_reg[107]/CLR,
rsa_soc_i/rsa/rsa_acc/U0/u_rsa_core/GEN_CORES[8].i_exponentiation/M0_out_reg[108]/CLR,
rsa_soc_i/rsa/rsa_acc/U0/u_rsa_core/GEN_CORES[8].i_exponentiation/M0_out_reg[109]/CLR,
rsa_soc_i/rsa/rsa_acc/U0/u_rsa_core/GEN_CORES[8].i_exponentiation/M0_out_reg[10]/CLR,
rsa_soc_i/rsa/rsa_acc/U0/u_rsa_core/GEN_CORES[8].i_exponentiation/M0_out_reg[110]/CLR,
rsa_soc_i/rsa/rsa_acc/U0/u_rsa_core/GEN_CORES[8].i_exponentiation/M0_out_reg[111]/CLR,
rsa_soc_i/rsa/rsa_acc/U0/u_rsa_core/GEN_CORES[8].i_exponentiation/M0_out_reg[112]/CLR (the first 15 of 801 listed). The LUT may glitch and trigger an unexpected reset, even if it is a properly timed path.
Related violations: <none>

LUTAR-1#19 Warning
LUT drives async reset alert  
LUT cell rsa_soc_i/rsa/rsa_acc/U0/u_rsa_core/GEN_CORES[9].i_exponentiation/m_control/P_out[255]_i_2__8, with 2 or more inputs, drives asynchronous preset/clear pin(s) rsa_soc_i/rsa/rsa_acc/U0/u_rsa_core/GEN_CORES[9].i_exponentiation/m_multiplier/P_out_reg[0]/CLR,
rsa_soc_i/rsa/rsa_acc/U0/u_rsa_core/GEN_CORES[9].i_exponentiation/m_multiplier/P_out_reg[100]/CLR,
rsa_soc_i/rsa/rsa_acc/U0/u_rsa_core/GEN_CORES[9].i_exponentiation/m_multiplier/P_out_reg[101]/CLR,
rsa_soc_i/rsa/rsa_acc/U0/u_rsa_core/GEN_CORES[9].i_exponentiation/m_multiplier/P_out_reg[102]/CLR,
rsa_soc_i/rsa/rsa_acc/U0/u_rsa_core/GEN_CORES[9].i_exponentiation/m_multiplier/P_out_reg[103]/CLR,
rsa_soc_i/rsa/rsa_acc/U0/u_rsa_core/GEN_CORES[9].i_exponentiation/m_multiplier/P_out_reg[104]/CLR,
rsa_soc_i/rsa/rsa_acc/U0/u_rsa_core/GEN_CORES[9].i_exponentiation/m_multiplier/P_out_reg[105]/CLR,
rsa_soc_i/rsa/rsa_acc/U0/u_rsa_core/GEN_CORES[9].i_exponentiation/m_multiplier/P_out_reg[106]/CLR,
rsa_soc_i/rsa/rsa_acc/U0/u_rsa_core/GEN_CORES[9].i_exponentiation/m_multiplier/P_out_reg[107]/CLR,
rsa_soc_i/rsa/rsa_acc/U0/u_rsa_core/GEN_CORES[9].i_exponentiation/m_multiplier/P_out_reg[108]/CLR,
rsa_soc_i/rsa/rsa_acc/U0/u_rsa_core/GEN_CORES[9].i_exponentiation/m_multiplier/P_out_reg[109]/CLR,
rsa_soc_i/rsa/rsa_acc/U0/u_rsa_core/GEN_CORES[9].i_exponentiation/m_multiplier/P_out_reg[10]/CLR,
rsa_soc_i/rsa/rsa_acc/U0/u_rsa_core/GEN_CORES[9].i_exponentiation/m_multiplier/P_out_reg[110]/CLR,
rsa_soc_i/rsa/rsa_acc/U0/u_rsa_core/GEN_CORES[9].i_exponentiation/m_multiplier/P_out_reg[111]/CLR,
rsa_soc_i/rsa/rsa_acc/U0/u_rsa_core/GEN_CORES[9].i_exponentiation/m_multiplier/P_out_reg[112]/CLR (the first 15 of 512 listed). The LUT may glitch and trigger an unexpected reset, even if it is a properly timed path.
Related violations: <none>

LUTAR-1#20 Warning
LUT drives async reset alert  
LUT cell rsa_soc_i/rsa/rsa_acc/U0/u_rsa_core/GEN_CORES[9].i_exponentiation/m_control/e_i_i_2__8, with 2 or more inputs, drives asynchronous preset/clear pin(s) rsa_soc_i/rsa/rsa_acc/U0/u_rsa_core/GEN_CORES[9].i_exponentiation/M0_out_reg[0]/CLR,
rsa_soc_i/rsa/rsa_acc/U0/u_rsa_core/GEN_CORES[9].i_exponentiation/M0_out_reg[100]/CLR,
rsa_soc_i/rsa/rsa_acc/U0/u_rsa_core/GEN_CORES[9].i_exponentiation/M0_out_reg[101]/CLR,
rsa_soc_i/rsa/rsa_acc/U0/u_rsa_core/GEN_CORES[9].i_exponentiation/M0_out_reg[102]/CLR,
rsa_soc_i/rsa/rsa_acc/U0/u_rsa_core/GEN_CORES[9].i_exponentiation/M0_out_reg[103]/CLR,
rsa_soc_i/rsa/rsa_acc/U0/u_rsa_core/GEN_CORES[9].i_exponentiation/M0_out_reg[104]/CLR,
rsa_soc_i/rsa/rsa_acc/U0/u_rsa_core/GEN_CORES[9].i_exponentiation/M0_out_reg[105]/CLR,
rsa_soc_i/rsa/rsa_acc/U0/u_rsa_core/GEN_CORES[9].i_exponentiation/M0_out_reg[106]/CLR,
rsa_soc_i/rsa/rsa_acc/U0/u_rsa_core/GEN_CORES[9].i_exponentiation/M0_out_reg[107]/CLR,
rsa_soc_i/rsa/rsa_acc/U0/u_rsa_core/GEN_CORES[9].i_exponentiation/M0_out_reg[108]/CLR,
rsa_soc_i/rsa/rsa_acc/U0/u_rsa_core/GEN_CORES[9].i_exponentiation/M0_out_reg[109]/CLR,
rsa_soc_i/rsa/rsa_acc/U0/u_rsa_core/GEN_CORES[9].i_exponentiation/M0_out_reg[10]/CLR,
rsa_soc_i/rsa/rsa_acc/U0/u_rsa_core/GEN_CORES[9].i_exponentiation/M0_out_reg[110]/CLR,
rsa_soc_i/rsa/rsa_acc/U0/u_rsa_core/GEN_CORES[9].i_exponentiation/M0_out_reg[111]/CLR,
rsa_soc_i/rsa/rsa_acc/U0/u_rsa_core/GEN_CORES[9].i_exponentiation/M0_out_reg[112]/CLR (the first 15 of 801 listed). The LUT may glitch and trigger an unexpected reset, even if it is a properly timed path.
Related violations: <none>


